{"/Users/arianzargaran/Desktop/poukai org/poukai/.claude/worktrees/frosty-tesla-81d090/src/components/HomeHero.tsx": {"path":"/Users/arianzargaran/Desktop/poukai org/poukai/.claude/worktrees/frosty-tesla-81d090/src/components/HomeHero.tsx","all":false,"statementMap":{"0":{"start":{"line":1,"column":0},"end":{"line":1,"column":3}},"20":{"start":{"line":21,"column":0},"end":{"line":21,"column":28}},"21":{"start":{"line":22,"column":0},"end":{"line":22,"column":10}},"22":{"start":{"line":23,"column":0},"end":{"line":23,"column":9}},"23":{"start":{"line":24,"column":0},"end":{"line":24,"column":14}},"25":{"start":{"line":26,"column":0},"end":{"line":26,"column":92}},"27":{"start":{"line":28,"column":0},"end":{"line":28,"column":13}},"29":{"start":{"line":30,"column":0},"end":{"line":30,"column":70}},"31":{"start":{"line":32,"column":0},"end":{"line":32,"column":12}},"40":{"start":{"line":41,"column":0},"end":{"line":41,"column":10}},"44":{"start":{"line":45,"column":0},"end":{"line":45,"column":47}},"45":{"start":{"line":46,"column":0},"end":{"line":46,"column":48}},"46":{"start":{"line":47,"column":0},"end":{"line":47,"column":55}},"47":{"start":{"line":48,"column":0},"end":{"line":48,"column":11}},"49":{"start":{"line":50,"column":0},"end":{"line":50,"column":11}},"50":{"start":{"line":51,"column":0},"end":{"line":51,"column":24}},"51":{"start":{"line":52,"column":0},"end":{"line":52,"column":58}},"52":{"start":{"line":53,"column":0},"end":{"line":53,"column":17}},"54":{"start":{"line":55,"column":0},"end":{"line":55,"column":6}},"56":{"start":{"line":57,"column":0},"end":{"line":57,"column":1}}},"s":{"0":1,"20":1,"21":5,"22":5,"23":5,"25":5,"27":5,"29":5,"31":5,"40":5,"44":5,"45":5,"46":5,"47":5,"49":5,"50":5,"51":5,"52":5,"54":5,"56":5},"branchMap":{"0":{"type":"branch","line":21,"loc":{"start":{"line":21,"column":7},"end":{"line":57,"column":1}},"locations":[{"start":{"line":21,"column":7},"end":{"line":57,"column":1}}]}},"b":{"0":[5]},"fnMap":{"0":{"name":"HomeHero","decl":{"start":{"line":21,"column":7},"end":{"line":57,"column":1}},"loc":{"start":{"line":21,"column":7},"end":{"line":57,"column":1}},"line":21}},"f":{"0":5}}
}
